{
  "RSpec": {
    "coverage": {
      "/Users/ianmcnicholas/PROJECTS/bookmarks-postcourse/myapp.rb": {
        "lines": [
          null,
          null,
          1,
          1,
          1,
          null,
          null,
          1,
          1,
          1,
          null,
          null,
          1,
          1,
          1,
          null,
          null,
          null,
          1,
          null
        ]
      },
      "/Users/ianmcnicholas/PROJECTS/bookmarks-postcourse/lib/bookmark.rb": {
        "lines": [
          null,
          null,
          1,
          null,
          null,
          1,
          1,
          2,
          2,
          null,
          0,
          null,
          null,
          2,
          null,
          10,
          null,
          null,
          null
        ]
      },
      "/Users/ianmcnicholas/PROJECTS/bookmarks-postcourse/spec/bookmark_spec.rb": {
        "lines": [
          null,
          null,
          1,
          null,
          1,
          1,
          1,
          1,
          null,
          1,
          1,
          1,
          1,
          null,
          1,
          null,
          1,
          1,
          1,
          1,
          null,
          null
        ]
      },
      "/Users/ianmcnicholas/PROJECTS/bookmarks-postcourse/spec/features/viewing_bookmarks_spec.rb": {
        "lines": [
          null,
          null,
          1,
          1,
          1,
          1,
          null,
          null,
          1,
          1,
          null,
          1,
          1,
          1,
          1,
          null,
          1,
          1,
          1,
          1,
          1,
          null,
          null
        ]
      }
    },
    "timestamp": 1623940576
  }
}
